<?xml version="1.0" encoding="UTF-8"?>
<!-- Generated by org.testng.reporters.JUnitReportReporter -->
<testsuite skipped="0" hostname="Motiurs-MBP.fios-router.home" name="auto.AutoTest_w_AutoData" tests="2" failures="0" timestamp="2022-11-23T00:44:58 EST" time="285.313" errors="0">
  <testcase name="autoQuoteWithAutoDataNoParam" time="155.342" classname="auto.AutoTest_w_AutoData"/>
  <system-out>
    <![CDATA[Proxy element for: DefaultElementLocator 'By.xpath: //img[@alt='Car Insurance']' <--- has been clicked<br>
[[ChromeDriver: chrome on MAC (48b59d4128734bb3ee04bd8ffb849704)] -> xpath: //form[@class='main-form']//div[@class='main-form__group main-form__group--zip']//input[@class='zip']] <--- has been PRESENT<br>
[[ChromeDriver: chrome on MAC (48b59d4128734bb3ee04bd8ffb849704)] -> xpath: //form[@class='main-form']//div[@class='main-form__group main-form__group--zip']//input[@class='zip']] <--- is VISIBLE<br>
11203 : has been passed to ---> Proxy element for: DefaultElementLocator 'By.xpath: //form[@class='main-form']//div[@class='main-form__group main-form__group--zip']//input[@class='zip']'<br>
Proxy element for: DefaultElementLocator 'By.xpath: //form[@class='main-form']//div[@class='main-form__group']//button[@class='btn btn--big']' <--- has been clicked<br>
[[ChromeDriver: chrome on MAC (48b59d4128734bb3ee04bd8ffb849704)] -> xpath: //a[@data-value='Toyota']] <--- has been PRESENT<br>
[[ChromeDriver: chrome on MAC (48b59d4128734bb3ee04bd8ffb849704)] -> xpath: //a[@data-value='Toyota']] <--- is VISIBLE<br>
[[ChromeDriver: chrome on MAC (48b59d4128734bb3ee04bd8ffb849704)] -> xpath: //a[@data-value='Toyota']] <--- has been clicked<br>
[[ChromeDriver: chrome on MAC (48b59d4128734bb3ee04bd8ffb849704)] -> xpath: //a[@data-value='2017']] <--- has been PRESENT<br>
[[ChromeDriver: chrome on MAC (48b59d4128734bb3ee04bd8ffb849704)] -> xpath: //a[@data-value='2017']] <--- is VISIBLE<br>
[[ChromeDriver: chrome on MAC (48b59d4128734bb3ee04bd8ffb849704)] -> xpath: //a[@data-value='2017']] <--- has been clicked<br>
[[ChromeDriver: chrome on MAC (48b59d4128734bb3ee04bd8ffb849704)] -> xpath: //a[starts-with(@class,'car-model-button') and contains(.,'CAMRY')]] <--- has been PRESENT<br>
[[ChromeDriver: chrome on MAC (48b59d4128734bb3ee04bd8ffb849704)] -> xpath: //a[starts-with(@class,'car-model-button') and contains(.,'CAMRY')]] <--- is VISIBLE<br>
[[ChromeDriver: chrome on MAC (48b59d4128734bb3ee04bd8ffb849704)] -> xpath: //a[starts-with(@class,'car-model-button') and contains(.,'CAMRY')]] <--- has been clicked<br>
[[ChromeDriver: chrome on MAC (48b59d4128734bb3ee04bd8ffb849704)] -> xpath: //div[@class='col-sm-4 col-xs-12']//a[@class='primary-use-button' and contains(.,'Commute')]] <--- has been PRESENT<br>
[[ChromeDriver: chrome on MAC (48b59d4128734bb3ee04bd8ffb849704)] -> xpath: //div[@class='col-sm-4 col-xs-12']//a[@class='primary-use-button' and contains(.,'Commute')]] <--- is VISIBLE<br>
[[ChromeDriver: chrome on MAC (48b59d4128734bb3ee04bd8ffb849704)] -> xpath: //div[@class='col-sm-4 col-xs-12']//a[@class='primary-use-button' and contains(.,'Commute')]] <--- has been clicked<br>
[[ChromeDriver: chrome on MAC (48b59d4128734bb3ee04bd8ffb849704)] -> xpath: //a[@data-value='15000']] <--- has been clicked<br>
[[ChromeDriver: chrome on MAC (48b59d4128734bb3ee04bd8ffb849704)] -> xpath: //a[@data-value='Typical']] <--- has been PRESENT<br>
[[ChromeDriver: chrome on MAC (48b59d4128734bb3ee04bd8ffb849704)] -> xpath: //a[@data-value='Typical']] <--- is VISIBLE<br>
[[ChromeDriver: chrome on MAC (48b59d4128734bb3ee04bd8ffb849704)] -> xpath: //a[@data-value='Typical']] <--- has been clicked<br>
[[ChromeDriver: chrome on MAC (48b59d4128734bb3ee04bd8ffb849704)] -> xpath: //a[@data-value='Owned']] <--- has been PRESENT<br>
[[ChromeDriver: chrome on MAC (48b59d4128734bb3ee04bd8ffb849704)] -> xpath: //a[@data-value='Owned']] <--- is VISIBLE<br>
[[ChromeDriver: chrome on MAC (48b59d4128734bb3ee04bd8ffb849704)] -> xpath: //a[@data-value='Owned']] <--- has been clicked<br>
[[ChromeDriver: chrome on MAC (48b59d4128734bb3ee04bd8ffb849704)] -> xpath: //a[@class='add-another-car-button' and contains(.,'No')]] <--- has been PRESENT<br>
[[ChromeDriver: chrome on MAC (48b59d4128734bb3ee04bd8ffb849704)] -> xpath: //a[@class='add-another-car-button' and contains(.,'No')]] <--- is VISIBLE<br>
[[ChromeDriver: chrome on MAC (48b59d4128734bb3ee04bd8ffb849704)] -> xpath: //a[@class='add-another-car-button' and contains(.,'No')]] <--- has been clicked<br>
[[ChromeDriver: chrome on MAC (48b59d4128734bb3ee04bd8ffb849704)] -> id: insurance-company-select] <--- has been PRESENT<br>
[[ChromeDriver: chrome on MAC (48b59d4128734bb3ee04bd8ffb849704)] -> id: insurance-company-select] <--- is VISIBLE<br>
[[ChromeDriver: chrome on MAC (48b59d4128734bb3ee04bd8ffb849704)] -> id: insurance-company-select] <--- has been clicked<br>
[[ChromeDriver: chrome on MAC (48b59d4128734bb3ee04bd8ffb849704)] -> xpath: //option[text()='Not Currently Insured']] <--- has been clicked<br>
[[ChromeDriver: chrome on MAC (48b59d4128734bb3ee04bd8ffb849704)] -> xpath: //button[@type='submit'][1]] <--- has been clicked<br>
[[ChromeDriver: chrome on MAC (48b59d4128734bb3ee04bd8ffb849704)] -> xpath: //span[@data-checked='true'][1]] <--- has been PRESENT<br>
[[ChromeDriver: chrome on MAC (48b59d4128734bb3ee04bd8ffb849704)] -> xpath: //span[@data-checked='true'][1]] <--- is VISIBLE<br>
[[ChromeDriver: chrome on MAC (48b59d4128734bb3ee04bd8ffb849704)] -> xpath: //span[@data-checked='true'][1]] <--- has been clicked<br>
[[ChromeDriver: chrome on MAC (48b59d4128734bb3ee04bd8ffb849704)] -> id: ticket-or-claim-switch-yes] <--- has been clicked<br>
[[ChromeDriver: chrome on MAC (48b59d4128734bb3ee04bd8ffb849704)] -> id: sr22-switch-yes] <--- has been clicked<br>
[[ChromeDriver: chrome on MAC (48b59d4128734bb3ee04bd8ffb849704)] -> xpath: //button[@type='submit' and @class='blue-btn' and @style]] <--- has been clicked<br>
[[ChromeDriver: chrome on MAC (48b59d4128734bb3ee04bd8ffb849704)] -> xpath: //form[@id='driver-details-form']//div[@class='mini-container']//button[@class='blue-btn']] <--- has been PRESENT<br>
[[ChromeDriver: chrome on MAC (48b59d4128734bb3ee04bd8ffb849704)] -> xpath: //form[@id='driver-details-form']//div[@class='mini-container']//button[@class='blue-btn']] <--- is VISIBLE<br>
[[ChromeDriver: chrome on MAC (48b59d4128734bb3ee04bd8ffb849704)] -> id: homeowner-switch-no] <--- has been clicked<br>
[[ChromeDriver: chrome on MAC (48b59d4128734bb3ee04bd8ffb849704)] -> id: married-switch-single] <--- has been clicked<br>
[[ChromeDriver: chrome on MAC (48b59d4128734bb3ee04bd8ffb849704)] -> xpath: //input[@id='gender']/..//span[@class='alert alert-light']//span[@data-checked='true']] <--- has been clicked<br>
[[ChromeDriver: chrome on MAC (48b59d4128734bb3ee04bd8ffb849704)] -> xpath: //form[@id='driver-details-form']//div[@class='mini-container']//button[@class='blue-btn']] <--- has been clicked<br>
[[ChromeDriver: chrome on MAC (48b59d4128734bb3ee04bd8ffb849704)] -> xpath: //form[@id='education-credit-form']//div[@class='mini-container']//button[@class='blue-btn']] <--- has been PRESENT<br>
[[ChromeDriver: chrome on MAC (48b59d4128734bb3ee04bd8ffb849704)] -> xpath: //form[@id='education-credit-form']//div[@class='mini-container']//button[@class='blue-btn']] <--- is VISIBLE<br>
[[ChromeDriver: chrome on MAC (48b59d4128734bb3ee04bd8ffb849704)] -> id: education-select] <--- has been clicked<br>
[[ChromeDriver: chrome on MAC (48b59d4128734bb3ee04bd8ffb849704)] -> xpath: //option[text()='Masters Degree']] <--- has been clicked<br>
[[ChromeDriver: chrome on MAC (48b59d4128734bb3ee04bd8ffb849704)] -> id: credit-select] <--- has been clicked<br>
[[ChromeDriver: chrome on MAC (48b59d4128734bb3ee04bd8ffb849704)] -> xpath: //option[text()='Excellent']] <--- has been clicked<br>
[[ChromeDriver: chrome on MAC (48b59d4128734bb3ee04bd8ffb849704)] -> xpath: //form[@id='education-credit-form']//div[@class='mini-container']//button[@class='blue-btn']] <--- has been clicked<br>
[[ChromeDriver: chrome on MAC (48b59d4128734bb3ee04bd8ffb849704)] -> xpath: //div[@id='driver-birthday-section']//form[@id='birthday-form']//button[@class='blue-btn']] <--- has been PRESENT<br>
[[ChromeDriver: chrome on MAC (48b59d4128734bb3ee04bd8ffb849704)] -> xpath: //div[@id='driver-birthday-section']//form[@id='birthday-form']//button[@class='blue-btn']] <--- is VISIBLE<br>
[[ChromeDriver: chrome on MAC (48b59d4128734bb3ee04bd8ffb849704)] -> id: driver-birthday-month-select] <--- has been clicked<br>
[[ChromeDriver: chrome on MAC (48b59d4128734bb3ee04bd8ffb849704)] -> xpath: //option[text()='May']] <--- has been clicked<br>
[[ChromeDriver: chrome on MAC (48b59d4128734bb3ee04bd8ffb849704)] -> id: driver-birthday-day-select] <--- has been clicked<br>
[[ChromeDriver: chrome on MAC (48b59d4128734bb3ee04bd8ffb849704)] -> xpath: //option[text()='21']] <--- has been clicked<br>
[[ChromeDriver: chrome on MAC (48b59d4128734bb3ee04bd8ffb849704)] -> xpath: //select [@id='driver-birthday-year-select']] <--- has been clicked<br>
[[ChromeDriver: chrome on MAC (48b59d4128734bb3ee04bd8ffb849704)] -> xpath: //select [@id='driver-birthday-year-select']//option[text()='1994']] <--- has been clicked<br>
[[ChromeDriver: chrome on MAC (48b59d4128734bb3ee04bd8ffb849704)] -> xpath: //div[@id='driver-birthday-section']//form[@id='birthday-form']//button[@class='blue-btn']] <--- has been clicked<br>
Motiur : has been passed to ---> [[ChromeDriver: chrome on MAC (48b59d4128734bb3ee04bd8ffb849704)] -> id: driver-first-name-input]<br>
Rahman : has been passed to ---> [[ChromeDriver: chrome on MAC (48b59d4128734bb3ee04bd8ffb849704)] -> id: driver-last-name-input]<br>
[[ChromeDriver: chrome on MAC (48b59d4128734bb3ee04bd8ffb849704)] -> xpath: //div[@id='driver-name-section']//form[@id='driver-name-form']//button[@class='blue-btn']] <--- has been clicked<br>
219 E42 ST : has been passed to ---> [[ChromeDriver: chrome on MAC (48b59d4128734bb3ee04bd8ffb849704)] -> xpath: //input[@id='address-input']]<br>
 mrahman7@ku.edu : has been passed to ---> [[ChromeDriver: chrome on MAC (48b59d4128734bb3ee04bd8ffb849704)] -> xpath: //input[@id='email-input']]<br>
(307) 217-3087 : has been passed to ---> [[ChromeDriver: chrome on MAC (48b59d4128734bb3ee04bd8ffb849704)] -> xpath: //input[@id='phone-input']]<br>
Proxy element for: DefaultElementLocator 'By.id: contact-info-submit-button' <--- has been clicked<br>]]>
  </system-out>
  <testcase name="autoQuoteWithAutoData" time="129.971" classname="auto.AutoTest_w_AutoData"/>
  <system-out>
    <![CDATA[Proxy element for: DefaultElementLocator 'By.xpath: //img[@alt='Car Insurance']' <--- has been clicked<br>
[[ChromeDriver: chrome on MAC (f20a65bf6e5961bd52d27b3a7e7c09b4)] -> xpath: //form[@class='main-form']//div[@class='main-form__group main-form__group--zip']//input[@class='zip']] <--- has been PRESENT<br>
[[ChromeDriver: chrome on MAC (f20a65bf6e5961bd52d27b3a7e7c09b4)] -> xpath: //form[@class='main-form']//div[@class='main-form__group main-form__group--zip']//input[@class='zip']] <--- is VISIBLE<br>
11203 : has been passed to ---> Proxy element for: DefaultElementLocator 'By.xpath: //form[@class='main-form']//div[@class='main-form__group main-form__group--zip']//input[@class='zip']'<br>
Proxy element for: DefaultElementLocator 'By.xpath: //form[@class='main-form']//div[@class='main-form__group']//button[@class='btn btn--big']' <--- has been clicked<br>
[[ChromeDriver: chrome on MAC (f20a65bf6e5961bd52d27b3a7e7c09b4)] -> xpath: //a[@data-value='Toyota']] <--- has been PRESENT<br>
[[ChromeDriver: chrome on MAC (f20a65bf6e5961bd52d27b3a7e7c09b4)] -> xpath: //a[@data-value='Toyota']] <--- is VISIBLE<br>
[[ChromeDriver: chrome on MAC (f20a65bf6e5961bd52d27b3a7e7c09b4)] -> xpath: //a[@data-value='Toyota']] <--- has been clicked<br>
[[ChromeDriver: chrome on MAC (f20a65bf6e5961bd52d27b3a7e7c09b4)] -> xpath: //a[@data-value='2017']] <--- has been PRESENT<br>
[[ChromeDriver: chrome on MAC (f20a65bf6e5961bd52d27b3a7e7c09b4)] -> xpath: //a[@data-value='2017']] <--- is VISIBLE<br>
[[ChromeDriver: chrome on MAC (f20a65bf6e5961bd52d27b3a7e7c09b4)] -> xpath: //a[@data-value='2017']] <--- has been clicked<br>
[[ChromeDriver: chrome on MAC (f20a65bf6e5961bd52d27b3a7e7c09b4)] -> xpath: //a[starts-with(@class,'car-model-button') and contains(.,'CAMRY')]] <--- has been PRESENT<br>
[[ChromeDriver: chrome on MAC (f20a65bf6e5961bd52d27b3a7e7c09b4)] -> xpath: //a[starts-with(@class,'car-model-button') and contains(.,'CAMRY')]] <--- is VISIBLE<br>
[[ChromeDriver: chrome on MAC (f20a65bf6e5961bd52d27b3a7e7c09b4)] -> xpath: //a[starts-with(@class,'car-model-button') and contains(.,'CAMRY')]] <--- has been clicked<br>
[[ChromeDriver: chrome on MAC (f20a65bf6e5961bd52d27b3a7e7c09b4)] -> xpath: //div[@class='col-sm-4 col-xs-12']//a[@class='primary-use-button' and contains(.,'Commute')]] <--- has been PRESENT<br>
[[ChromeDriver: chrome on MAC (f20a65bf6e5961bd52d27b3a7e7c09b4)] -> xpath: //div[@class='col-sm-4 col-xs-12']//a[@class='primary-use-button' and contains(.,'Commute')]] <--- is VISIBLE<br>
[[ChromeDriver: chrome on MAC (f20a65bf6e5961bd52d27b3a7e7c09b4)] -> xpath: //div[@class='col-sm-4 col-xs-12']//a[@class='primary-use-button' and contains(.,'Commute')]] <--- has been clicked<br>
[[ChromeDriver: chrome on MAC (f20a65bf6e5961bd52d27b3a7e7c09b4)] -> xpath: //a[@data-value='15000']] <--- has been clicked<br>
[[ChromeDriver: chrome on MAC (f20a65bf6e5961bd52d27b3a7e7c09b4)] -> xpath: //a[@data-value='Typical']] <--- has been PRESENT<br>
[[ChromeDriver: chrome on MAC (f20a65bf6e5961bd52d27b3a7e7c09b4)] -> xpath: //a[@data-value='Typical']] <--- is VISIBLE<br>
[[ChromeDriver: chrome on MAC (f20a65bf6e5961bd52d27b3a7e7c09b4)] -> xpath: //a[@data-value='Typical']] <--- has been clicked<br>
[[ChromeDriver: chrome on MAC (f20a65bf6e5961bd52d27b3a7e7c09b4)] -> xpath: //a[@data-value='Owned']] <--- has been PRESENT<br>
[[ChromeDriver: chrome on MAC (f20a65bf6e5961bd52d27b3a7e7c09b4)] -> xpath: //a[@data-value='Owned']] <--- is VISIBLE<br>
[[ChromeDriver: chrome on MAC (f20a65bf6e5961bd52d27b3a7e7c09b4)] -> xpath: //a[@data-value='Owned']] <--- has been clicked<br>
[[ChromeDriver: chrome on MAC (f20a65bf6e5961bd52d27b3a7e7c09b4)] -> xpath: //a[@class='add-another-car-button' and contains(.,'No')]] <--- has been PRESENT<br>
[[ChromeDriver: chrome on MAC (f20a65bf6e5961bd52d27b3a7e7c09b4)] -> xpath: //a[@class='add-another-car-button' and contains(.,'No')]] <--- is VISIBLE<br>
[[ChromeDriver: chrome on MAC (f20a65bf6e5961bd52d27b3a7e7c09b4)] -> xpath: //a[@class='add-another-car-button' and contains(.,'No')]] <--- has been clicked<br>
[[ChromeDriver: chrome on MAC (f20a65bf6e5961bd52d27b3a7e7c09b4)] -> id: insurance-company-select] <--- has been PRESENT<br>
[[ChromeDriver: chrome on MAC (f20a65bf6e5961bd52d27b3a7e7c09b4)] -> id: insurance-company-select] <--- is VISIBLE<br>
[[ChromeDriver: chrome on MAC (f20a65bf6e5961bd52d27b3a7e7c09b4)] -> id: insurance-company-select] <--- has been clicked<br>
[[ChromeDriver: chrome on MAC (f20a65bf6e5961bd52d27b3a7e7c09b4)] -> xpath: //option[text()='Not Currently Insured']] <--- has been clicked<br>
[[ChromeDriver: chrome on MAC (f20a65bf6e5961bd52d27b3a7e7c09b4)] -> xpath: //button[@type='submit'][1]] <--- has been clicked<br>
[[ChromeDriver: chrome on MAC (f20a65bf6e5961bd52d27b3a7e7c09b4)] -> xpath: //span[@data-checked='true'][1]] <--- has been PRESENT<br>
[[ChromeDriver: chrome on MAC (f20a65bf6e5961bd52d27b3a7e7c09b4)] -> xpath: //span[@data-checked='true'][1]] <--- is VISIBLE<br>
[[ChromeDriver: chrome on MAC (f20a65bf6e5961bd52d27b3a7e7c09b4)] -> xpath: //span[@data-checked='true'][1]] <--- has been clicked<br>
[[ChromeDriver: chrome on MAC (f20a65bf6e5961bd52d27b3a7e7c09b4)] -> id: ticket-or-claim-switch-yes] <--- has been clicked<br>
[[ChromeDriver: chrome on MAC (f20a65bf6e5961bd52d27b3a7e7c09b4)] -> id: sr22-switch-yes] <--- has been clicked<br>
[[ChromeDriver: chrome on MAC (f20a65bf6e5961bd52d27b3a7e7c09b4)] -> xpath: //button[@type='submit' and @class='blue-btn' and @style]] <--- has been clicked<br>
[[ChromeDriver: chrome on MAC (f20a65bf6e5961bd52d27b3a7e7c09b4)] -> xpath: //form[@id='driver-details-form']//div[@class='mini-container']//button[@class='blue-btn']] <--- has been PRESENT<br>
[[ChromeDriver: chrome on MAC (f20a65bf6e5961bd52d27b3a7e7c09b4)] -> xpath: //form[@id='driver-details-form']//div[@class='mini-container']//button[@class='blue-btn']] <--- is VISIBLE<br>
[[ChromeDriver: chrome on MAC (f20a65bf6e5961bd52d27b3a7e7c09b4)] -> id: homeowner-switch-no] <--- has been clicked<br>
[[ChromeDriver: chrome on MAC (f20a65bf6e5961bd52d27b3a7e7c09b4)] -> id: married-switch-single] <--- has been clicked<br>
[[ChromeDriver: chrome on MAC (f20a65bf6e5961bd52d27b3a7e7c09b4)] -> xpath: //input[@id='gender']/..//span[@class='alert alert-light']//span[@data-checked='true']] <--- has been clicked<br>
[[ChromeDriver: chrome on MAC (f20a65bf6e5961bd52d27b3a7e7c09b4)] -> xpath: //form[@id='driver-details-form']//div[@class='mini-container']//button[@class='blue-btn']] <--- has been clicked<br>
[[ChromeDriver: chrome on MAC (f20a65bf6e5961bd52d27b3a7e7c09b4)] -> xpath: //form[@id='education-credit-form']//div[@class='mini-container']//button[@class='blue-btn']] <--- has been PRESENT<br>
[[ChromeDriver: chrome on MAC (f20a65bf6e5961bd52d27b3a7e7c09b4)] -> xpath: //form[@id='education-credit-form']//div[@class='mini-container']//button[@class='blue-btn']] <--- is VISIBLE<br>
[[ChromeDriver: chrome on MAC (f20a65bf6e5961bd52d27b3a7e7c09b4)] -> id: education-select] <--- has been clicked<br>
[[ChromeDriver: chrome on MAC (f20a65bf6e5961bd52d27b3a7e7c09b4)] -> xpath: //option[text()='Masters Degree']] <--- has been clicked<br>
[[ChromeDriver: chrome on MAC (f20a65bf6e5961bd52d27b3a7e7c09b4)] -> id: credit-select] <--- has been clicked<br>
[[ChromeDriver: chrome on MAC (f20a65bf6e5961bd52d27b3a7e7c09b4)] -> xpath: //option[text()='Excellent']] <--- has been clicked<br>
[[ChromeDriver: chrome on MAC (f20a65bf6e5961bd52d27b3a7e7c09b4)] -> xpath: //form[@id='education-credit-form']//div[@class='mini-container']//button[@class='blue-btn']] <--- has been clicked<br>
[[ChromeDriver: chrome on MAC (f20a65bf6e5961bd52d27b3a7e7c09b4)] -> xpath: //div[@id='driver-birthday-section']//form[@id='birthday-form']//button[@class='blue-btn']] <--- has been PRESENT<br>
[[ChromeDriver: chrome on MAC (f20a65bf6e5961bd52d27b3a7e7c09b4)] -> xpath: //div[@id='driver-birthday-section']//form[@id='birthday-form']//button[@class='blue-btn']] <--- is VISIBLE<br>
[[ChromeDriver: chrome on MAC (f20a65bf6e5961bd52d27b3a7e7c09b4)] -> id: driver-birthday-month-select] <--- has been clicked<br>
[[ChromeDriver: chrome on MAC (f20a65bf6e5961bd52d27b3a7e7c09b4)] -> xpath: //option[text()='May']] <--- has been clicked<br>
[[ChromeDriver: chrome on MAC (f20a65bf6e5961bd52d27b3a7e7c09b4)] -> id: driver-birthday-day-select] <--- has been clicked<br>
[[ChromeDriver: chrome on MAC (f20a65bf6e5961bd52d27b3a7e7c09b4)] -> xpath: //option[text()='21']] <--- has been clicked<br>
[[ChromeDriver: chrome on MAC (f20a65bf6e5961bd52d27b3a7e7c09b4)] -> xpath: //select [@id='driver-birthday-year-select']] <--- has been clicked<br>
[[ChromeDriver: chrome on MAC (f20a65bf6e5961bd52d27b3a7e7c09b4)] -> xpath: //select [@id='driver-birthday-year-select']//option[text()='1994']] <--- has been clicked<br>
[[ChromeDriver: chrome on MAC (f20a65bf6e5961bd52d27b3a7e7c09b4)] -> xpath: //div[@id='driver-birthday-section']//form[@id='birthday-form']//button[@class='blue-btn']] <--- has been clicked<br>
Motiur : has been passed to ---> [[ChromeDriver: chrome on MAC (f20a65bf6e5961bd52d27b3a7e7c09b4)] -> id: driver-first-name-input]<br>
Rahman : has been passed to ---> [[ChromeDriver: chrome on MAC (f20a65bf6e5961bd52d27b3a7e7c09b4)] -> id: driver-last-name-input]<br>
[[ChromeDriver: chrome on MAC (f20a65bf6e5961bd52d27b3a7e7c09b4)] -> xpath: //div[@id='driver-name-section']//form[@id='driver-name-form']//button[@class='blue-btn']] <--- has been clicked<br>
219 E42 ST : has been passed to ---> [[ChromeDriver: chrome on MAC (f20a65bf6e5961bd52d27b3a7e7c09b4)] -> xpath: //input[@id='address-input']]<br>
 mrahman7@ku.edu : has been passed to ---> [[ChromeDriver: chrome on MAC (f20a65bf6e5961bd52d27b3a7e7c09b4)] -> xpath: //input[@id='email-input']]<br>
 mrahman7@ku.edu : has been passed to ---> [[ChromeDriver: chrome on MAC (f20a65bf6e5961bd52d27b3a7e7c09b4)] -> xpath: //input[@id='phone-input']]<br>
[[ChromeDriver: chrome on MAC (f20a65bf6e5961bd52d27b3a7e7c09b4)] -> id: contact-info-submit-button] <--- has been clicked<br>]]>
  </system-out>
</testsuite> <!-- auto.AutoTest_w_AutoData -->
