<?xml version="1.0" encoding="UTF-8"?>
<!-- Generated by org.testng.reporters.JUnitReportReporter -->
<testsuite skipped="2" hostname="Motiurs-MBP.fios-router.home" name="home.HomeTest2" tests="5" failures="0" timestamp="2022-11-17T02:05:01 EST" time="0.037" errors="0">
  <testcase name="aHomeTest" time="0.033" classname="home.HomeTest2"/>
  <system-out>
    <![CDATA[No priority 6<br>]]>
  </system-out>
  <testcase name="homeQuote5" time="0.002" classname="home.HomeTest2"/>
  <system-out>
    <![CDATA[This is  no priority 2<br>]]>
  </system-out>
  <testcase name="homeQuot7" time="0.002" classname="home.HomeTest2"/>
  <system-out>
    <![CDATA[This is  no priority 4<br>]]>
  </system-out>
  <testcase name="bHomeTest" classname="home.HomeTest2">
    <skipped/>
  </testcase> <!-- bHomeTest -->
  <system-out/>
  <testcase name="homeQuote6" classname="home.HomeTest2">
    <skipped/>
  </testcase> <!-- homeQuote6 -->
  <system-out/>
</testsuite> <!-- home.HomeTest2 -->
