<?xml version="1.0" encoding="UTF-8"?>
<!-- Generated by org.testng.reporters.JUnitReportReporter -->
<testsuite skipped="0" hostname="Motiurs-MBP.fios-router.home" name="home.HomeQuoteTest" tests="2" failures="0" timestamp="2022-11-23T00:56:35 EST" time="75.423" errors="0">
  <testcase name="homeownersQuoteFlow" time="39.957" classname="home.HomeQuoteTest"/>
  <system-out>
    <![CDATA[Proxy element for: DefaultElementLocator 'By.xpath: //img[@alt='Home Insurance']' <--- has been clicked<br>
[[ChromeDriver: chrome on MAC (06463a382e673ae5df58018ded185f01)] -> xpath: //form[@class='main-form']//div[@class='main-form__group main-form__group--zip']//input[@class='zip']] <--- has been PRESENT<br>
[[ChromeDriver: chrome on MAC (06463a382e673ae5df58018ded185f01)] -> xpath: //form[@class='main-form']//div[@class='main-form__group main-form__group--zip']//input[@class='zip']] <--- is VISIBLE<br>
11203 : has been passed to ---> [[ChromeDriver: chrome on MAC (06463a382e673ae5df58018ded185f01)] -> xpath: //form[@class='main-form']//div[@class='main-form__group main-form__group--zip']//input[@class='zip']]<br>
[[ChromeDriver: chrome on MAC (06463a382e673ae5df58018ded185f01)] -> xpath: //form[@class='main-form']//div[@class='main-form__group']//button[@class='btn btn--big']] <--- has been clicked<br>]]>
  </system-out>
  <testcase name="homeownersQuoteFlow" time="35.466" classname="home.HomeQuoteTest"/>
  <system-out>
    <![CDATA[Proxy element for: DefaultElementLocator 'By.xpath: //img[@alt='Home Insurance']' <--- has been clicked<br>
[[FirefoxDriver: firefox on MAC (e3d7e49d-b86b-48d0-9587-9ec7a45b8fc3)] -> xpath: //form[@class='main-form']//div[@class='main-form__group main-form__group--zip']//input[@class='zip']] <--- has been PRESENT<br>
[[FirefoxDriver: firefox on MAC (e3d7e49d-b86b-48d0-9587-9ec7a45b8fc3)] -> xpath: //form[@class='main-form']//div[@class='main-form__group main-form__group--zip']//input[@class='zip']] <--- is VISIBLE<br>
11203 : has been passed to ---> [[FirefoxDriver: firefox on MAC (e3d7e49d-b86b-48d0-9587-9ec7a45b8fc3)] -> xpath: //form[@class='main-form']//div[@class='main-form__group main-form__group--zip']//input[@class='zip']]<br>
[[FirefoxDriver: firefox on MAC (e3d7e49d-b86b-48d0-9587-9ec7a45b8fc3)] -> xpath: //form[@class='main-form']//div[@class='main-form__group']//button[@class='btn btn--big']] <--- has been clicked<br>]]>
  </system-out>
</testsuite> <!-- home.HomeQuoteTest -->
